Starting auto_commit script...
Adding changes...
Committing changes...
[main 4ce8c4c] Auto commit on Wed Oct  1 16:08:48 UTC 2025
 2 files changed, 2 insertions(+)
 mode change 100644 => 100755 .devcontainer/auto_commit.sh
 create mode 100644 auto_commit.log
Sleeping for 3 minutes...

Adding changes...
Committing changes...
[main 7f682da] Auto commit on Wed Oct  1 16:11:48 UTC 2025
 7 files changed, 20 insertions(+), 12 deletions(-)
 rename gp_cover_txt.html => gp_cover.html (94%)
 rename gp_layout_txt.css => gp_layout.css (87%)
 rename gp_page1_txt.html => gp_page1.html (95%)
 rename gp_page2_txt.html => gp_page2.html (95%)
 rename gp_page3_txt.html => gp_page3.html (95%)
 rename gp_print_txt.css => gp_print.css (78%)
Sleeping for 3 minutes...

Adding changes...
